This is e-upTeX, Version 3.141592653-p3.9.0-u1.27-210218-2.6 (utf8.uptex) (TeX Live 2021) (preloaded format=uplatex 2022.3.23)  10 JUN 2023 15:19
entering extended mode
 restricted \write18 enabled.
 %&-line parsing enabled.
**presen23108.tex
(./presen23108.tex
pLaTeX2e <2021-11-15u04> (based on LaTeX2e <2021-11-15> patch level 1)
L3 programming layer <2022-02-24>
(/Applications/KeTTeX.app/texlive/texmf-dist/tex/uplatex/base/ujarticle.cls
Document Class: ujarticle 2020/09/30 v1.8f-u00 Standard upLaTeX class
\c@@paper=\count184
(/Applications/KeTTeX.app/texlive/texmf-dist/tex/uplatex/base/ujsize10.clo
File: ujsize10.clo 2020/09/30 v1.8f-u00 Standard upLaTeX file (size option)
LaTeX Font Info:    Font shape `JT2/mc/m/n' will be
(Font)              scaled to size 9.6222pt on input line 28.
LaTeX Font Info:    Font shape `JY2/mc/m/n' will be
(Font)              scaled to size 9.6222pt on input line 28.
)
\c@part=\count185
\c@section=\count186
\c@subsection=\count187
\c@subsubsection=\count188
\c@paragraph=\count189
\c@subparagraph=\count190
\c@figure=\count191
\c@table=\count192
\abovecaptionskip=\skip47
\belowcaptionskip=\skip48
\symmincho=\mathgroup4
LaTeX Font Info:    Overwriting symbol font `mincho' in version `bold'
(Font)                  JY2/mc/m/n --> JY2/gt/m/n on input line 616.
\toclineskip=\dimen154
\@lnumwidth=\dimen155
\bibindent=\dimen156
\heisei=\count193
)
(/Applications/KeTTeX.app/texlive/texmf-dist/tex/latex/ketcindy/ketpic.sty
\c@ketpicctra=\count194
\c@ketpicctrb=\count195
\c@ketpicctrc=\count196
\c@ketpicctrd=\count197
\c@ketpicctre=\count198
\c@ketpicctrf=\count199
\c@ketpicctrg=\count266
\c@ketpicctrh=\count267
\c@ketpicctri=\count268
\c@ketpicctrj=\count269
\Width=\skip49
\Height=\skip50
\Depth=\skip51
)
(/Applications/KeTTeX.app/texlive/texmf-dist/tex/latex/ketcindy/ketlayer.sty
\layercurrentunit=\skip52
)
(/Applications/KeTTeX.app/texlive/texmf-dist/tex/latex/ketcindy/ketslide.sty)
(/Applications/KeTTeX.app/texlive/texmf-dist/tex/latex/amsmath/amsmath.sty
Package: amsmath 2021/10/15 v2.17l AMS math features
\@mathmargin=\skip53

For additional information on amsmath, use the `?' option.
(/Applications/KeTTeX.app/texlive/texmf-dist/tex/latex/amsmath/amstext.sty
Package: amstext 2021/08/26 v2.01 AMS text

(/Applications/KeTTeX.app/texlive/texmf-dist/tex/latex/amsmath/amsgen.sty
File: amsgen.sty 1999/11/30 v2.0 generic functions
\@emptytoks=\toks17
\ex@=\dimen157
))
(/Applications/KeTTeX.app/texlive/texmf-dist/tex/latex/amsmath/amsbsy.sty
Package: amsbsy 1999/11/29 v1.2d Bold Symbols
\pmbraise@=\dimen158
)
(/Applications/KeTTeX.app/texlive/texmf-dist/tex/latex/amsmath/amsopn.sty
Package: amsopn 2021/08/26 v2.02 operator names
)
\inf@bad=\count270
LaTeX Info: Redefining \frac on input line 234.
\uproot@=\count271
\leftroot@=\count272
LaTeX Info: Redefining \overline on input line 399.
\classnum@=\count273
\DOTSCASE@=\count274
LaTeX Info: Redefining \ldots on input line 496.
LaTeX Info: Redefining \dots on input line 499.
LaTeX Info: Redefining \cdots on input line 620.
\Mathstrutbox@=\box67
\strutbox@=\box68
\big@size=\dimen159
LaTeX Font Info:    Redeclaring font encoding OML on input line 743.
LaTeX Font Info:    Redeclaring font encoding OMS on input line 744.
\macc@depth=\count275
\c@MaxMatrixCols=\count276
\dotsspace@=\muskip16
\c@parentequation=\count277
\dspbrk@lvl=\count278
\tag@help=\toks18
\row@=\count279
\column@=\count280
\maxfields@=\count281
\andhelp@=\toks19
\eqnshift@=\dimen160
\alignsep@=\dimen161
\tagshift@=\dimen162
\tagwidth@=\dimen163
\totwidth@=\dimen164
\lineht@=\dimen165
\@envbody=\toks20
\multlinegap=\skip54
\multlinetaggap=\skip55
\mathdisplay@stack=\toks21
LaTeX Info: Redefining \[ on input line 2938.
LaTeX Info: Redefining \] on input line 2939.
)
(/Applications/KeTTeX.app/texlive/texmf-dist/tex/latex/amsfonts/amssymb.sty
Package: amssymb 2013/01/14 v3.01 AMS font symbols

(/Applications/KeTTeX.app/texlive/texmf-dist/tex/latex/amsfonts/amsfonts.sty
Package: amsfonts 2013/01/14 v3.01 Basic AMSFonts support
\symAMSa=\mathgroup5
\symAMSb=\mathgroup6
LaTeX Font Info:    Redeclaring math symbol \hbar on input line 98.
LaTeX Font Info:    Overwriting math alphabet `\mathfrak' in version `bold'
(Font)                  U/euf/m/n --> U/euf/b/n on input line 106.
))
(/Applications/KeTTeX.app/texlive/texmf-dist/tex/latex/tools/bm.sty
Package: bm 2021/04/25 v1.2e Bold Symbol Support (DPC/FMi)
\symboldoperators=\mathgroup7
\symboldletters=\mathgroup8
\symboldsymbols=\mathgroup9
Package bm Info: No bold for \OMX/cmex/m/n, using \pmb.
\symboldmincho=\mathgroup10
Package bm Info: No bold for \U/msa/m/n, using \pmb.
Package bm Info: No bold for \U/msb/m/n, using \pmb.
LaTeX Font Info:    Redeclaring math alphabet \mathbf on input line 149.
)
(/Applications/KeTTeX.app/texlive/texmf-dist/tex/latex/tools/enumerate.sty
Package: enumerate 2015/07/23 v3.00 enumerate extensions (DPC)
\@enLab=\toks22
)
(/Applications/KeTTeX.app/texlive/texmf-dist/tex/latex/graphics/graphicx.sty
Package: graphicx 2021/09/16 v1.2d Enhanced LaTeX Graphics (DPC,SPQR)

(/Applications/KeTTeX.app/texlive/texmf-dist/tex/latex/graphics/keyval.sty
Package: keyval 2014/10/28 v1.15 key=value parser (DPC)
\KV@toks@=\toks23
)
(/Applications/KeTTeX.app/texlive/texmf-dist/tex/latex/graphics/graphics.sty
Package: graphics 2021/03/04 v1.4d Standard LaTeX Graphics (DPC,SPQR)

(/Applications/KeTTeX.app/texlive/texmf-dist/tex/latex/graphics/trig.sty
Package: trig 2021/08/11 v1.11 sin cos tan (DPC)
)
(/Applications/KeTTeX.app/texlive/texmf-dist/tex/latex/graphics-cfg/graphics.cf
g
File: graphics.cfg 2016/06/04 v1.11 sample graphics configuration
)
Package graphics Info: Driver file: dvipdfmx.def on input line 107.

(/Applications/KeTTeX.app/texlive/texmf-dist/tex/latex/graphics-def/dvipdfmx.de
f
File: dvipdfmx.def 2021/03/18 v5.0j Graphics/color driver for dvipdfmx
))
\Gin@req@height=\dimen166
\Gin@req@width=\dimen167
) (/Applications/KeTTeX.app/texlive/texmf-dist/tex/latex/graphics/color.sty
Package: color 2021/12/07 v1.3c Standard LaTeX Color (DPC)

(/Applications/KeTTeX.app/texlive/texmf-dist/tex/latex/graphics-cfg/color.cfg
File: color.cfg 2016/01/02 v1.6 sample color configuration
)
Package color Info: Driver file: dvips.def on input line 149.

(/Applications/KeTTeX.app/texlive/texmf-dist/tex/latex/graphics-def/dvips.def
File: dvips.def 2017/06/20 v3.1d Graphics/color driver for dvips
)
(/Applications/KeTTeX.app/texlive/texmf-dist/tex/latex/graphics/dvipsnam.def
File: dvipsnam.def 2016/06/17 v3.0m Driver-dependent file (DPC,SPQR)
))
(/Applications/KeTTeX.app/texlive/texmf-local/tex/platex/emath/emath.sty
Package: emath 2005/10/31 v1.54p 初等数学マクロパッケージ

(/Applications/KeTTeX.app/texlive/texmf-local/tex/platex/emath/emath2e.sty
(/Applications/KeTTeX.app/texlive/texmf-local/tex/platex/emath/emathE.sty
Package: emathE 2005/09/05 v0.79 拡張enumerate

(/Applications/KeTTeX.app/texlive/texmf-local/tex/platex/emath/emathEc.sty
Package: emathEc 2005/09/05 v0.00

(/Applications/KeTTeX.app/texlive/texmf-local/tex/platex/emath/emathC.sty
Package: emathC 2005/09/03 v0.25

(/Applications/KeTTeX.app/texlive/texmf-dist/tex/latex/tools/calc.sty
Package: calc 2017/05/25 v4.3 Infix arithmetic (KKT,FJ)
\calc@Acount=\count282
\calc@Bcount=\count283
\calc@Adimen=\dimen168
\calc@Bdimen=\dimen169
\calc@Askip=\skip56
\calc@Bskip=\skip57
LaTeX Info: Redefining \setlength on input line 80.
LaTeX Info: Redefining \addtolength on input line 81.
\calc@Ccount=\count284
\calc@Cskip=\skip58
)
(/Applications/KeTTeX.app/texlive/texmf-dist/tex/latex/base/ifthen.sty
Package: ifthen 2020/11/24 v1.1c Standard LaTeX ifthen package (DPC)
)
\c@tempcnta=\count285
\templa=\dimen170
\emath@toks@=\toks24
\Sett@width=\dimen171
\EMcalc@A=\dimen172
))
(/Applications/KeTTeX.app/texlive/texmf-local/tex/platex/emath/jquote.sty
Package: jquote 2005/10/31 v0.01
)
(/Applications/KeTTeX.app/texlive/texmf-local/tex/platex/emath/emathK.sty)
\kizami@ti=\count286
\syoki@ti=\count287
\c@Enumi=\count288
\c@Enumii=\count289
\c@Enumiii=\count290
\c@Enumiv=\count291
\emtokena=\toks25
))
\templb=\dimen173
\templc=\dimen174
\tempboxa=\box69
\tempboxb=\box70
\EMc@hizyosuu=\count292
\EMc@syou=\count293
\EMc@zyo@amari=\count294
\GCM=\count295
\zyo@@c=\count296
\hizyo@@c=\count297
\wari@@cnt=\count298
\wari@@cmax=\count299
\gyou@@c=\count300
\hidari@@p=\count301
\migi@@p=\count302
\renritu@hidariyohaku=\dimen175
\@ltxlinelen=\dimen176
\fileophndl=\read2
)
(/Applications/KeTTeX.app/texlive/texmf-local/tex/platex/emath/emathEy.sty
Package: emathEy 2005/09/05 v0.01 横並び enumerate
\eda@box=\box71
\ed@beta@box=\box72
\c@edamon@suu=\count303
\edaenum@wdth=\dimen177
\edaenum@wdth@=\dimen178
\leftmargin@org@s=\dimen179
\edaitemindent=\dimen180
\betaitemindent=\dimen181
\beta@linewidth=\dimen182
\eda@linewidth=\dimen183
\pre@edasep=\dimen184
\post@edasep=\dimen185
\preedaenumskip=\dimen186
\postedaenumskip=\dimen187
\yokoenum@wd=\dimen188
)
(/Applications/KeTTeX.app/texlive/texmf-local/tex/platex/emath/emathMw.sty
Package: emathMw 2005/09/03 v0.13 回り込み
\@mawarikomisep=\skip59
\mawarikomisep=\skip60
\mawarikomikankaku=\skip61
\EMWR@boxi=\box73
\EMWR@boxii=\box74
\eitemindent=\skip62
\zu@width=\skip63
\zuitemwidth=\skip64
)
(/Applications/KeTTeX.app/texlive/texmf-dist/tex/latex/pict2e/pict2e.sty
Package: pict2e 2020/09/30 v0.4b Improved picture commands (HjG,RN,JT)

(/Applications/KeTTeX.app/texlive/texmf-dist/tex/latex/pict2e/pict2e.cfg
File: pict2e.cfg 2016/02/05 v0.1u pict2e configuration for teTeX/TeXLive
)
Package pict2e Info: Driver file: dvips.def on input line 112.
Package pict2e Info: Driver file for pict2e: p2e-dvips.def on input line 114.

(/Applications/KeTTeX.app/texlive/texmf-dist/tex/latex/pict2e/p2e-dvips.def
File: p2e-dvips.def 2016/02/05 v0.1u Driver-dependant file (RN,HjG,JT)
)
\pIIe@GRAPH=\toks26
\@arclen=\dimen189
\@arcrad=\dimen190
\pIIe@tempdima=\dimen191
\pIIe@tempdimb=\dimen192
\pIIe@tempdimc=\dimen193
\pIIe@tempdimd=\dimen194
\pIIe@tempdime=\dimen195
\pIIe@tempdimf=\dimen196
)
(/Applications/KeTTeX.app/texlive/texmf-dist/tex/latex/ketcindy/ketlayermorewit
h2e.sty)
(/Applications/KeTTeX.app/texlive/texmf-dist/tex/latex/hyperref/hyperref.sty
Package: hyperref 2022-02-21 v7.00n Hypertext links for LaTeX

(/Applications/KeTTeX.app/texlive/texmf-dist/tex/generic/ltxcmds/ltxcmds.sty
Package: ltxcmds 2020-05-10 v1.25 LaTeX kernel commands for general use (HO)
)
(/Applications/KeTTeX.app/texlive/texmf-dist/tex/generic/iftex/iftex.sty
Package: iftex 2022/02/03 v1.0f TeX engine tests
)
(/Applications/KeTTeX.app/texlive/texmf-dist/tex/generic/pdftexcmds/pdftexcmds.
sty
Package: pdftexcmds 2020-06-27 v0.33 Utility functions of pdfTeX for LuaTeX (HO
)

(/Applications/KeTTeX.app/texlive/texmf-dist/tex/generic/infwarerr/infwarerr.st
y
Package: infwarerr 2019/12/03 v1.5 Providing info/warning/error messages (HO)
)
Package pdftexcmds Info: \pdf@primitive is available.
Package pdftexcmds Info: \pdf@ifprimitive is available.
Package pdftexcmds Info: \pdfdraftmode not found.
)
(/Applications/KeTTeX.app/texlive/texmf-dist/tex/generic/kvsetkeys/kvsetkeys.st
y
Package: kvsetkeys 2019/12/15 v1.18 Key value parser (HO)
)
(/Applications/KeTTeX.app/texlive/texmf-dist/tex/generic/kvdefinekeys/kvdefinek
eys.sty
Package: kvdefinekeys 2019-12-19 v1.6 Define keys (HO)
)
(/Applications/KeTTeX.app/texlive/texmf-dist/tex/generic/pdfescape/pdfescape.st
y
Package: pdfescape 2019/12/09 v1.15 Implements pdfTeX's escape features (HO)
) (/Applications/KeTTeX.app/texlive/texmf-dist/tex/latex/hycolor/hycolor.sty
Package: hycolor 2020-01-27 v1.10 Color options for hyperref/bookmark (HO)
)
(/Applications/KeTTeX.app/texlive/texmf-dist/tex/latex/letltxmacro/letltxmacro.
sty
Package: letltxmacro 2019/12/03 v1.6 Let assignment for LaTeX macros (HO)
) (/Applications/KeTTeX.app/texlive/texmf-dist/tex/latex/auxhook/auxhook.sty
Package: auxhook 2019-12-17 v1.6 Hooks for auxiliary files (HO)
)
(/Applications/KeTTeX.app/texlive/texmf-dist/tex/latex/kvoptions/kvoptions.sty
Package: kvoptions 2020-10-07 v3.14 Key value format for package options (HO)
)
\@linkdim=\dimen197
\Hy@linkcounter=\count304
\Hy@pagecounter=\count305
(/Applications/KeTTeX.app/texlive/texmf-dist/tex/latex/hyperref/pd1enc.def
File: pd1enc.def 2022-02-21 v7.00n Hyperref: PDFDocEncoding definition (HO)
Now handling font encoding PD1 ...
... no UTF-8 mapping file for font encoding PD1
)
(/Applications/KeTTeX.app/texlive/texmf-dist/tex/generic/intcalc/intcalc.sty
Package: intcalc 2019/12/15 v1.3 Expandable calculations with integers (HO)
)
(/Applications/KeTTeX.app/texlive/texmf-dist/tex/generic/etexcmds/etexcmds.sty
Package: etexcmds 2019/12/15 v1.7 Avoid name clashes with e-TeX commands (HO)
)
\Hy@SavedSpaceFactor=\count306
(/Applications/KeTTeX.app/texlive/texmf-dist/tex/latex/hyperref/puenc.def
File: puenc.def 2022-02-21 v7.00n Hyperref: PDF Unicode definition (HO)
Now handling font encoding PU ...
... no UTF-8 mapping file for font encoding PU
)
Package hyperref Info: Option `colorlinks' set `true' on input line 4018.
Package hyperref Info: Hyper figures OFF on input line 4137.
Package hyperref Info: Link nesting OFF on input line 4142.
Package hyperref Info: Hyper index ON on input line 4145.
Package hyperref Info: Plain pages OFF on input line 4152.
Package hyperref Info: Backreferencing OFF on input line 4157.
Package hyperref Info: Implicit mode ON; LaTeX internals redefined.
Package hyperref Info: Bookmarks ON on input line 4390.
\c@Hy@tempcnt=\count307

(/Applications/KeTTeX.app/texlive/texmf-dist/tex/latex/url/url.sty
\Urlmuskip=\muskip17
Package: url 2013/09/16  ver 3.4  Verb mode for urls, etc.
)
LaTeX Info: Redefining \url on input line 4749.
\XeTeXLinkMargin=\dimen198

(/Applications/KeTTeX.app/texlive/texmf-dist/tex/generic/bitset/bitset.sty
Package: bitset 2019/12/09 v1.3 Handle bit-vector datatype (HO)

(/Applications/KeTTeX.app/texlive/texmf-dist/tex/generic/bigintcalc/bigintcalc.
sty
Package: bigintcalc 2019/12/15 v1.5 Expandable calculations on big integers (HO
)
))
\Fld@menulength=\count308
\Field@Width=\dimen199
\Fld@charsize=\dimen256
Package hyperref Info: Hyper figures OFF on input line 6027.
Package hyperref Info: Link nesting OFF on input line 6032.
Package hyperref Info: Hyper index ON on input line 6035.
Package hyperref Info: backreferencing OFF on input line 6042.
Package hyperref Info: Link coloring ON on input line 6045.
Package hyperref Info: Link coloring with OCG OFF on input line 6052.
Package hyperref Info: PDF/A mode OFF on input line 6057.
LaTeX Info: Redefining \ref on input line 6097.
LaTeX Info: Redefining \pageref on input line 6101.

(/Applications/KeTTeX.app/texlive/texmf-dist/tex/latex/base/atbegshi-ltx.sty
Package: atbegshi-ltx 2021/01/10 v1.0c Emulation of the original atbegshi
package with kernel methods
)
\Hy@abspage=\count309
\c@Item=\count310
\c@Hfootnote=\count311
)
Package hyperref Info: Driver: hdvipdfm.

(/Applications/KeTTeX.app/texlive/texmf-dist/tex/latex/hyperref/hdvipdfm.def
File: hdvipdfm.def 2022-02-21 v7.00n Hyperref driver for dvipdfm
\pdfm@box=\box75
\c@Hy@AnnotLevel=\count312
\HyField@AnnotCount=\count313
\Fld@listcount=\count314
\c@bookmark@seq@number=\count315

(/Applications/KeTTeX.app/texlive/texmf-dist/tex/latex/rerunfilecheck/rerunfile
check.sty
Package: rerunfilecheck 2019/12/05 v1.9 Rerun checks for auxiliary files (HO)

(/Applications/KeTTeX.app/texlive/texmf-dist/tex/latex/base/atveryend-ltx.sty
Package: atveryend-ltx 2020/08/19 v1.0a Emulation of the original atveryend pac
kage
with kernel methods
)
(/Applications/KeTTeX.app/texlive/texmf-dist/tex/generic/uniquecounter/uniqueco
unter.sty
Package: uniquecounter 2019/12/15 v1.4 Provide unlimited unique counter (HO)
)
Package uniquecounter Info: New unique counter `rerunfilecheck' on input line 2
86.
)
\Hy@SectionHShift=\skip65
)
(/Applications/KeTTeX.app/texlive/texmf-dist/tex/latex/l3backend/l3backend-dvip
s.def
File: l3backend-dvips.def 2022-02-07 L3 backend support: dvips
\l__pdf_internal_box=\box76
\g__pdf_backend_object_int=\count316
\l__pdf_backend_content_box=\box77
\l__pdf_backend_model_box=\box78
\g__pdf_backend_annotation_int=\count317
\g__pdf_backend_link_int=\count318
\g__pdf_backend_link_sf_int=\count319
) (./presen23108.aux)
\openout1 = `presen23108.aux'.

LaTeX Font Info:    Checking defaults for OML/cmm/m/it on input line 58.
LaTeX Font Info:    ... okay on input line 58.
LaTeX Font Info:    Checking defaults for OMS/cmsy/m/n on input line 58.
LaTeX Font Info:    ... okay on input line 58.
LaTeX Font Info:    Checking defaults for OT1/cmr/m/n on input line 58.
LaTeX Font Info:    ... okay on input line 58.
LaTeX Font Info:    Checking defaults for T1/cmr/m/n on input line 58.
LaTeX Font Info:    ... okay on input line 58.
LaTeX Font Info:    Checking defaults for TS1/cmr/m/n on input line 58.
LaTeX Font Info:    ... okay on input line 58.
LaTeX Font Info:    Checking defaults for OMX/cmex/m/n on input line 58.
LaTeX Font Info:    ... okay on input line 58.
LaTeX Font Info:    Checking defaults for U/cmr/m/n on input line 58.
LaTeX Font Info:    ... okay on input line 58.
LaTeX Font Info:    Checking defaults for JY2/mc/m/n on input line 58.
LaTeX Font Info:    ... okay on input line 58.
LaTeX Font Info:    Checking defaults for JT2/mc/m/n on input line 58.
LaTeX Font Info:    ... okay on input line 58.
LaTeX Font Info:    Checking defaults for PD1/pdf/m/n on input line 58.
LaTeX Font Info:    ... okay on input line 58.
LaTeX Font Info:    Checking defaults for PU/pdf/m/n on input line 58.
LaTeX Font Info:    ... okay on input line 58.
Package hyperref Info: Link coloring ON on input line 58.

(/Applications/KeTTeX.app/texlive/texmf-dist/tex/latex/hyperref/nameref.sty
Package: nameref 2021-04-02 v2.47 Cross-referencing by name of section

(/Applications/KeTTeX.app/texlive/texmf-dist/tex/latex/refcount/refcount.sty
Package: refcount 2019/12/15 v3.6 Data extraction from label references (HO)
)
(/Applications/KeTTeX.app/texlive/texmf-dist/tex/generic/gettitlestring/gettitl
estring.sty
Package: gettitlestring 2019/12/15 v1.6 Cleanup title references (HO)
)
\c@section@level=\count320
)
LaTeX Info: Redefining \ref on input line 58.
LaTeX Info: Redefining \pageref on input line 58.
LaTeX Info: Redefining \nameref on input line 58.
 (./presen23108.out) (./presen23108.out)
\@outlinefile=\write3
\openout3 = `presen23108.out'.

 (./fig/slide0.tex
LaTeX Font Info:    Font shape `JT2/mc/m/n' will be
(Font)              scaled to size 13.85594pt on input line 1.
LaTeX Font Info:    Font shape `JY2/mc/m/n' will be
(Font)              scaled to size 13.85594pt on input line 1.
LaTeX Font Info:    Font shape `JT2/mc/bx/n' in size <14.4> not available
(Font)              Font shape `JT2/gt/m/n' tried instead on input line 1.
LaTeX Font Info:    Font shape `JT2/gt/m/n' will be
(Font)              scaled to size 13.85594pt on input line 1.
LaTeX Font Info:    Font shape `JY2/mc/bx/n' in size <14.4> not available
(Font)              Font shape `JY2/gt/m/n' tried instead on input line 1.
LaTeX Font Info:    Font shape `JY2/gt/m/n' will be
(Font)              scaled to size 13.85594pt on input line 1.
LaTeX Font Info:    Font shape `JT2/mc/bx/n' in size <24.88> not available
(Font)              Font shape `JT2/gt/m/n' tried instead on input line 5.
LaTeX Font Info:    Font shape `JT2/gt/m/n' will be
(Font)              scaled to size 23.94002pt on input line 5.
LaTeX Font Info:    Font shape `JY2/mc/bx/n' in size <24.88> not available
(Font)              Font shape `JY2/gt/m/n' tried instead on input line 5.
LaTeX Font Info:    Font shape `JY2/gt/m/n' will be
(Font)              scaled to size 23.94002pt on input line 5.
)
(./fig/slide0.tex) (./fig/slide0.tex) (./fig/slide0.tex)
\c@ban=\count321
\c@edawidth=\count322
\c@edactr=\count323
 [0

]
LaTeX Font Info:    Font shape `JT2/mc/bx/n' in size <9> not available
(Font)              Font shape `JT2/gt/m/n' tried instead on input line 123.
LaTeX Font Info:    Font shape `JT2/gt/m/n' will be
(Font)              scaled to size 8.65997pt on input line 123.
LaTeX Font Info:    Font shape `JY2/mc/bx/n' in size <9> not available
(Font)              Font shape `JY2/gt/m/n' tried instead on input line 123.
LaTeX Font Info:    Font shape `JY2/gt/m/n' will be
(Font)              scaled to size 8.65997pt on input line 123.
LaTeX Font Info:    Font shape `JT2/mc/m/n' will be
(Font)              scaled to size 8.65997pt on input line 123.
LaTeX Font Info:    Font shape `JY2/mc/m/n' will be
(Font)              scaled to size 8.65997pt on input line 123.


LaTeX Warning: Reference `pageend' on page 1 undefined on input line 123.


LaTeX Warning: Reference `pageend' on page 1 undefined on input line 123.


LaTeX Warning: Reference `pageend' on page 1 undefined on input line 123.


LaTeX Warning: Reference `pageend' on page 1 undefined on input line 123.

[1]
LaTeX Font Info:    Font shape `JT2/mc/bx/n' in size <7> not available
(Font)              Font shape `JT2/gt/m/n' tried instead on input line 135.
LaTeX Font Info:    Font shape `JT2/gt/m/n' will be
(Font)              scaled to size 6.73553pt on input line 135.
LaTeX Font Info:    Font shape `JY2/mc/bx/n' in size <7> not available
(Font)              Font shape `JY2/gt/m/n' tried instead on input line 135.
LaTeX Font Info:    Font shape `JY2/gt/m/n' will be
(Font)              scaled to size 6.73553pt on input line 135.
LaTeX Font Info:    Font shape `JY2/gt/m/n' will be
(Font)              scaled to size 4.8111pt on input line 135.
LaTeX Font Info:    Trying to load font information for U+msa on input line 135
.
 (/Applications/KeTTeX.app/texlive/texmf-dist/tex/latex/amsfonts/umsa.fd
File: umsa.fd 2013/01/14 v3.01 AMS symbols A
)
LaTeX Font Info:    Trying to load font information for U+msb on input line 135
.

(/Applications/KeTTeX.app/texlive/texmf-dist/tex/latex/amsfonts/umsb.fd
File: umsb.fd 2013/01/14 v3.01 AMS symbols B
)

LaTeX Warning: Reference `pageend' on page 2 undefined on input line 145.


LaTeX Warning: Reference `pageend' on page 2 undefined on input line 145.


LaTeX Warning: Reference `pageend' on page 2 undefined on input line 145.


LaTeX Warning: Reference `pageend' on page 2 undefined on input line 145.

(./fig/henka1.tex
LaTeX Font Info:    Font shape `JY2/gt/m/n' will be
(Font)              scaled to size 9.6222pt on input line 45.
) (./fig/henka1.tex) (./fig/henka1.tex) (./fig/henka1.tex)
[2]

LaTeX Warning: Reference `pageend' on page 2 undefined on input line 176.


LaTeX Warning: Reference `pageend' on page 2 undefined on input line 176.


LaTeX Warning: Reference `pageend' on page 2 undefined on input line 176.


LaTeX Warning: Reference `pageend' on page 2 undefined on input line 176.

(./fig/henka1.tex) (./fig/henka1.tex) (./fig/henka1.tex) (./fig/henka1.tex)
[2]

LaTeX Warning: Reference `pageend' on page 2 undefined on input line 205.


LaTeX Warning: Reference `pageend' on page 2 undefined on input line 205.


LaTeX Warning: Reference `pageend' on page 2 undefined on input line 205.


LaTeX Warning: Reference `pageend' on page 2 undefined on input line 205.

(./fig/henka1.tex) (./fig/henka1.tex) (./fig/henka1.tex) (./fig/henka1.tex)
(./fig/henka2.tex) (./fig/henka2.tex) (./fig/henka2.tex) (./fig/henka2.tex)
[2]

LaTeX Warning: Reference `pageend' on page 2 undefined on input line 236.


LaTeX Warning: Reference `pageend' on page 2 undefined on input line 236.


LaTeX Warning: Reference `pageend' on page 2 undefined on input line 236.


LaTeX Warning: Reference `pageend' on page 2 undefined on input line 236.

(./fig/henka1.tex) (./fig/henka1.tex) (./fig/henka1.tex) (./fig/henka1.tex)
(./fig/henka2.tex) (./fig/henka2.tex) (./fig/henka2.tex) (./fig/henka2.tex)
[2]

LaTeX Warning: Reference `pageend' on page 2 undefined on input line 269.


LaTeX Warning: Reference `pageend' on page 2 undefined on input line 269.


LaTeX Warning: Reference `pageend' on page 2 undefined on input line 269.


LaTeX Warning: Reference `pageend' on page 2 undefined on input line 269.

(./fig/henka1.tex) (./fig/henka1.tex) (./fig/henka1.tex) (./fig/henka1.tex)
(./fig/henka2.tex) (./fig/henka2.tex) (./fig/henka2.tex) (./fig/henka2.tex)
[2]

LaTeX Warning: Reference `pageend' on page 2 undefined on input line 303.


LaTeX Warning: Reference `pageend' on page 2 undefined on input line 303.


LaTeX Warning: Reference `pageend' on page 2 undefined on input line 303.


LaTeX Warning: Reference `pageend' on page 2 undefined on input line 303.

(./fig/henka1.tex) (./fig/henka1.tex) (./fig/henka1.tex) (./fig/henka1.tex)
(./fig/henka2.tex) (./fig/henka2.tex) (./fig/henka2.tex) (./fig/henka2.tex)
[2]

LaTeX Warning: Reference `pageend' on page 2 undefined on input line 339.


LaTeX Warning: Reference `pageend' on page 2 undefined on input line 339.


LaTeX Warning: Reference `pageend' on page 2 undefined on input line 339.


LaTeX Warning: Reference `pageend' on page 2 undefined on input line 339.

(./fig/henka1.tex) (./fig/henka1.tex) (./fig/henka1.tex) (./fig/henka1.tex)
(./fig/henka2.tex) (./fig/henka2.tex) (./fig/henka2.tex) (./fig/henka2.tex)
[2]

LaTeX Warning: Reference `pageend' on page 3 undefined on input line 377.


LaTeX Warning: Reference `pageend' on page 3 undefined on input line 377.


LaTeX Warning: Reference `pageend' on page 3 undefined on input line 377.


LaTeX Warning: Reference `pageend' on page 3 undefined on input line 377.

[3]

LaTeX Warning: Reference `pageend' on page 3 undefined on input line 403.


LaTeX Warning: Reference `pageend' on page 3 undefined on input line 403.


LaTeX Warning: Reference `pageend' on page 3 undefined on input line 403.


LaTeX Warning: Reference `pageend' on page 3 undefined on input line 403.

[3]

LaTeX Warning: Reference `pageend' on page 3 undefined on input line 426.


LaTeX Warning: Reference `pageend' on page 3 undefined on input line 426.


LaTeX Warning: Reference `pageend' on page 3 undefined on input line 426.


LaTeX Warning: Reference `pageend' on page 3 undefined on input line 426.

[3]

LaTeX Warning: Reference `pageend' on page 3 undefined on input line 450.


LaTeX Warning: Reference `pageend' on page 3 undefined on input line 450.


LaTeX Warning: Reference `pageend' on page 3 undefined on input line 450.


LaTeX Warning: Reference `pageend' on page 3 undefined on input line 450.

[3]

LaTeX Warning: Reference `pageend' on page 3 undefined on input line 474.


LaTeX Warning: Reference `pageend' on page 3 undefined on input line 474.


LaTeX Warning: Reference `pageend' on page 3 undefined on input line 474.


LaTeX Warning: Reference `pageend' on page 3 undefined on input line 474.

[3]

LaTeX Warning: Reference `pageend' on page 3 undefined on input line 498.


LaTeX Warning: Reference `pageend' on page 3 undefined on input line 498.


LaTeX Warning: Reference `pageend' on page 3 undefined on input line 498.


LaTeX Warning: Reference `pageend' on page 3 undefined on input line 498.

[3]

LaTeX Warning: Reference `pageend' on page 3 undefined on input line 524.


LaTeX Warning: Reference `pageend' on page 3 undefined on input line 524.


LaTeX Warning: Reference `pageend' on page 3 undefined on input line 524.


LaTeX Warning: Reference `pageend' on page 3 undefined on input line 524.

[3]

LaTeX Warning: Reference `pageend' on page 3 undefined on input line 551.


LaTeX Warning: Reference `pageend' on page 3 undefined on input line 551.


LaTeX Warning: Reference `pageend' on page 3 undefined on input line 551.


LaTeX Warning: Reference `pageend' on page 3 undefined on input line 551.

[3]

LaTeX Warning: Reference `pageend' on page 3 undefined on input line 579.


LaTeX Warning: Reference `pageend' on page 3 undefined on input line 579.


LaTeX Warning: Reference `pageend' on page 3 undefined on input line 579.


LaTeX Warning: Reference `pageend' on page 3 undefined on input line 579.

[3]

LaTeX Warning: Reference `pageend' on page 3 undefined on input line 607.


LaTeX Warning: Reference `pageend' on page 3 undefined on input line 607.


LaTeX Warning: Reference `pageend' on page 3 undefined on input line 607.


LaTeX Warning: Reference `pageend' on page 3 undefined on input line 607.

[3]

LaTeX Warning: Reference `pageend' on page 4 undefined on input line 640.


LaTeX Warning: Reference `pageend' on page 4 undefined on input line 640.


LaTeX Warning: Reference `pageend' on page 4 undefined on input line 640.


LaTeX Warning: Reference `pageend' on page 4 undefined on input line 640.

(./fig/henka1.tex) (./fig/henka1.tex) (./fig/henka1.tex) (./fig/henka1.tex)
[4]

LaTeX Warning: Reference `pageend' on page 4 undefined on input line 674.


LaTeX Warning: Reference `pageend' on page 4 undefined on input line 674.


LaTeX Warning: Reference `pageend' on page 4 undefined on input line 674.


LaTeX Warning: Reference `pageend' on page 4 undefined on input line 674.

(./fig/henka2.tex) (./fig/henka2.tex) (./fig/henka2.tex) (./fig/henka2.tex)
[4]

LaTeX Warning: Reference `pageend' on page 4 undefined on input line 702.


LaTeX Warning: Reference `pageend' on page 4 undefined on input line 702.


LaTeX Warning: Reference `pageend' on page 4 undefined on input line 702.


LaTeX Warning: Reference `pageend' on page 4 undefined on input line 702.

(./fig/henka3.tex) (./fig/henka3.tex) (./fig/henka3.tex) (./fig/henka3.tex)
[4]

LaTeX Warning: Reference `pageend' on page 4 undefined on input line 732.


LaTeX Warning: Reference `pageend' on page 4 undefined on input line 732.


LaTeX Warning: Reference `pageend' on page 4 undefined on input line 732.


LaTeX Warning: Reference `pageend' on page 4 undefined on input line 732.

(./fig/henka3.tex) (./fig/henka3.tex) (./fig/henka3.tex) (./fig/henka3.tex)
[4]

LaTeX Warning: Reference `pageend' on page 4 undefined on input line 763.


LaTeX Warning: Reference `pageend' on page 4 undefined on input line 763.


LaTeX Warning: Reference `pageend' on page 4 undefined on input line 763.


LaTeX Warning: Reference `pageend' on page 4 undefined on input line 763.

(./fig/henka3.tex) (./fig/henka3.tex) (./fig/henka3.tex) (./fig/henka3.tex)
[4]

LaTeX Warning: Reference `pageend' on page 4 undefined on input line 796.


LaTeX Warning: Reference `pageend' on page 4 undefined on input line 796.


LaTeX Warning: Reference `pageend' on page 4 undefined on input line 796.


LaTeX Warning: Reference `pageend' on page 4 undefined on input line 796.

(./fig/henka3.tex) (./fig/henka3.tex) (./fig/henka3.tex) (./fig/henka3.tex)
[4]

LaTeX Warning: Reference `pageend' on page 4 undefined on input line 829.


LaTeX Warning: Reference `pageend' on page 4 undefined on input line 829.


LaTeX Warning: Reference `pageend' on page 4 undefined on input line 829.


LaTeX Warning: Reference `pageend' on page 4 undefined on input line 829.

(./fig/henka3.tex) (./fig/henka3.tex) (./fig/henka3.tex) (./fig/henka3.tex)
[4]

LaTeX Warning: Reference `pageend' on page 4 undefined on input line 862.


LaTeX Warning: Reference `pageend' on page 4 undefined on input line 862.


LaTeX Warning: Reference `pageend' on page 4 undefined on input line 862.


LaTeX Warning: Reference `pageend' on page 4 undefined on input line 862.

(./fig/henka3.tex) (./fig/henka3.tex) (./fig/henka3.tex) (./fig/henka3.tex)
[4]

LaTeX Warning: Reference `pageend' on page 4 undefined on input line 895.


LaTeX Warning: Reference `pageend' on page 4 undefined on input line 895.


LaTeX Warning: Reference `pageend' on page 4 undefined on input line 895.


LaTeX Warning: Reference `pageend' on page 4 undefined on input line 895.

(./fig/henka3.tex) (./fig/henka3.tex) (./fig/henka3.tex) (./fig/henka3.tex)
[4]

LaTeX Warning: Reference `pageend' on page 5 undefined on input line 931.


LaTeX Warning: Reference `pageend' on page 5 undefined on input line 931.


LaTeX Warning: Reference `pageend' on page 5 undefined on input line 931.


LaTeX Warning: Reference `pageend' on page 5 undefined on input line 931.

[5]

LaTeX Warning: Reference `pageend' on page 5 undefined on input line 957.


LaTeX Warning: Reference `pageend' on page 5 undefined on input line 957.


LaTeX Warning: Reference `pageend' on page 5 undefined on input line 957.


LaTeX Warning: Reference `pageend' on page 5 undefined on input line 957.

[5]

LaTeX Warning: Reference `pageend' on page 5 undefined on input line 981.


LaTeX Warning: Reference `pageend' on page 5 undefined on input line 981.


LaTeX Warning: Reference `pageend' on page 5 undefined on input line 981.


LaTeX Warning: Reference `pageend' on page 5 undefined on input line 981.

[5]

LaTeX Warning: Reference `pageend' on page 5 undefined on input line 1006.


LaTeX Warning: Reference `pageend' on page 5 undefined on input line 1006.


LaTeX Warning: Reference `pageend' on page 5 undefined on input line 1006.


LaTeX Warning: Reference `pageend' on page 5 undefined on input line 1006.

[5]

LaTeX Warning: Reference `pageend' on page 5 undefined on input line 1033.


LaTeX Warning: Reference `pageend' on page 5 undefined on input line 1033.


LaTeX Warning: Reference `pageend' on page 5 undefined on input line 1033.


LaTeX Warning: Reference `pageend' on page 5 undefined on input line 1033.

[5]

LaTeX Warning: Reference `pageend' on page 5 undefined on input line 1061.


LaTeX Warning: Reference `pageend' on page 5 undefined on input line 1061.


LaTeX Warning: Reference `pageend' on page 5 undefined on input line 1061.


LaTeX Warning: Reference `pageend' on page 5 undefined on input line 1061.

[5]

LaTeX Warning: Reference `pageend' on page 6 undefined on input line 1091.


LaTeX Warning: Reference `pageend' on page 6 undefined on input line 1091.


LaTeX Warning: Reference `pageend' on page 6 undefined on input line 1091.


LaTeX Warning: Reference `pageend' on page 6 undefined on input line 1091.

LaTeX Font Info:    Font shape `JT2/mc/bx/n' in size <10> not available
(Font)              Font shape `JT2/gt/m/n' tried instead on input line 1096.
LaTeX Font Info:    Font shape `JT2/gt/m/n' will be
(Font)              scaled to size 9.6222pt on input line 1096.
LaTeX Font Info:    Font shape `JY2/mc/bx/n' in size <10> not available
(Font)              Font shape `JY2/gt/m/n' tried instead on input line 1096.
LaTeX Font Info:    Font shape `JY2/gt/m/n' will be
(Font)              scaled to size 9.6222pt on input line 1096.
[6]

LaTeX Warning: Reference `pageend' on page 6 undefined on input line 1121.


LaTeX Warning: Reference `pageend' on page 6 undefined on input line 1121.


LaTeX Warning: Reference `pageend' on page 6 undefined on input line 1121.


LaTeX Warning: Reference `pageend' on page 6 undefined on input line 1121.

[6]

LaTeX Warning: Reference `pageend' on page 6 undefined on input line 1149.


LaTeX Warning: Reference `pageend' on page 6 undefined on input line 1149.


LaTeX Warning: Reference `pageend' on page 6 undefined on input line 1149.


LaTeX Warning: Reference `pageend' on page 6 undefined on input line 1149.

[6]

LaTeX Warning: Reference `pageend' on page 6 undefined on input line 1177.


LaTeX Warning: Reference `pageend' on page 6 undefined on input line 1177.


LaTeX Warning: Reference `pageend' on page 6 undefined on input line 1177.


LaTeX Warning: Reference `pageend' on page 6 undefined on input line 1177.

[6]

LaTeX Warning: Reference `pageend' on page 6 undefined on input line 1205.


LaTeX Warning: Reference `pageend' on page 6 undefined on input line 1205.


LaTeX Warning: Reference `pageend' on page 6 undefined on input line 1205.


LaTeX Warning: Reference `pageend' on page 6 undefined on input line 1205.

[6]

LaTeX Warning: Reference `pageend' on page 6 undefined on input line 1235.


LaTeX Warning: Reference `pageend' on page 6 undefined on input line 1235.


LaTeX Warning: Reference `pageend' on page 6 undefined on input line 1235.


LaTeX Warning: Reference `pageend' on page 6 undefined on input line 1235.

[6]

LaTeX Warning: Reference `pageend' on page 6 undefined on input line 1265.


LaTeX Warning: Reference `pageend' on page 6 undefined on input line 1265.


LaTeX Warning: Reference `pageend' on page 6 undefined on input line 1265.


LaTeX Warning: Reference `pageend' on page 6 undefined on input line 1265.

[6]

LaTeX Warning: Reference `pageend' on page 6 undefined on input line 1295.


LaTeX Warning: Reference `pageend' on page 6 undefined on input line 1295.


LaTeX Warning: Reference `pageend' on page 6 undefined on input line 1295.


LaTeX Warning: Reference `pageend' on page 6 undefined on input line 1295.

[6]

LaTeX Warning: Reference `pageend' on page 7 undefined on input line 1327.


LaTeX Warning: Reference `pageend' on page 7 undefined on input line 1327.


LaTeX Warning: Reference `pageend' on page 7 undefined on input line 1327.


LaTeX Warning: Reference `pageend' on page 7 undefined on input line 1327.

[7]

LaTeX Warning: Reference `pageend' on page 7 undefined on input line 1353.


LaTeX Warning: Reference `pageend' on page 7 undefined on input line 1353.


LaTeX Warning: Reference `pageend' on page 7 undefined on input line 1353.


LaTeX Warning: Reference `pageend' on page 7 undefined on input line 1353.

[7]

LaTeX Warning: Reference `pageend' on page 7 undefined on input line 1378.


LaTeX Warning: Reference `pageend' on page 7 undefined on input line 1378.


LaTeX Warning: Reference `pageend' on page 7 undefined on input line 1378.


LaTeX Warning: Reference `pageend' on page 7 undefined on input line 1378.

[7]

LaTeX Warning: Reference `pageend' on page 8 undefined on input line 1391.


LaTeX Warning: Reference `pageend' on page 8 undefined on input line 1391.


LaTeX Warning: Reference `pageend' on page 8 undefined on input line 1391.


LaTeX Warning: Reference `pageend' on page 8 undefined on input line 1391.

[8]

LaTeX Warning: Reference `pageend' on page 9 undefined on input line 1413.


LaTeX Warning: Reference `pageend' on page 9 undefined on input line 1413.


LaTeX Warning: Reference `pageend' on page 9 undefined on input line 1413.


LaTeX Warning: Reference `pageend' on page 9 undefined on input line 1413.

[9]

LaTeX Warning: Reference `pageend' on page 9 undefined on input line 1439.


LaTeX Warning: Reference `pageend' on page 9 undefined on input line 1439.


LaTeX Warning: Reference `pageend' on page 9 undefined on input line 1439.


LaTeX Warning: Reference `pageend' on page 9 undefined on input line 1439.

[9]

LaTeX Warning: Reference `pageend' on page 9 undefined on input line 1462.


LaTeX Warning: Reference `pageend' on page 9 undefined on input line 1462.


LaTeX Warning: Reference `pageend' on page 9 undefined on input line 1462.


LaTeX Warning: Reference `pageend' on page 9 undefined on input line 1462.

[9]

LaTeX Warning: Reference `pageend' on page 9 undefined on input line 1487.


LaTeX Warning: Reference `pageend' on page 9 undefined on input line 1487.


LaTeX Warning: Reference `pageend' on page 9 undefined on input line 1487.


LaTeX Warning: Reference `pageend' on page 9 undefined on input line 1487.

[9]

LaTeX Warning: Reference `pageend' on page 9 undefined on input line 1513.


LaTeX Warning: Reference `pageend' on page 9 undefined on input line 1513.


LaTeX Warning: Reference `pageend' on page 9 undefined on input line 1513.


LaTeX Warning: Reference `pageend' on page 9 undefined on input line 1513.

[9]

LaTeX Warning: Reference `pageend' on page 9 undefined on input line 1541.


LaTeX Warning: Reference `pageend' on page 9 undefined on input line 1541.


LaTeX Warning: Reference `pageend' on page 9 undefined on input line 1541.


LaTeX Warning: Reference `pageend' on page 9 undefined on input line 1541.

[9]

LaTeX Warning: Reference `pageend' on page 9 undefined on input line 1569.


LaTeX Warning: Reference `pageend' on page 9 undefined on input line 1569.


LaTeX Warning: Reference `pageend' on page 9 undefined on input line 1569.


LaTeX Warning: Reference `pageend' on page 9 undefined on input line 1569.

[9]

LaTeX Warning: Reference `pageend' on page 10 undefined on input line 1601.


LaTeX Warning: Reference `pageend' on page 10 undefined on input line 1601.


LaTeX Warning: Reference `pageend' on page 10 undefined on input line 1601.


LaTeX Warning: Reference `pageend' on page 10 undefined on input line 1601.

[10]

LaTeX Warning: Reference `pageend' on page 10 undefined on input line 1627.


LaTeX Warning: Reference `pageend' on page 10 undefined on input line 1627.


LaTeX Warning: Reference `pageend' on page 10 undefined on input line 1627.


LaTeX Warning: Reference `pageend' on page 10 undefined on input line 1627.

[10]

LaTeX Warning: Reference `pageend' on page 10 undefined on input line 1652.


LaTeX Warning: Reference `pageend' on page 10 undefined on input line 1652.


LaTeX Warning: Reference `pageend' on page 10 undefined on input line 1652.


LaTeX Warning: Reference `pageend' on page 10 undefined on input line 1652.

[10]

LaTeX Warning: Reference `pageend' on page 11 undefined on input line 1665.


LaTeX Warning: Reference `pageend' on page 11 undefined on input line 1665.


LaTeX Warning: Reference `pageend' on page 11 undefined on input line 1665.


LaTeX Warning: Reference `pageend' on page 11 undefined on input line 1665.

[11]

LaTeX Warning: Reference `pageend' on page 12 undefined on input line 1687.


LaTeX Warning: Reference `pageend' on page 12 undefined on input line 1687.


LaTeX Warning: Reference `pageend' on page 12 undefined on input line 1687.


LaTeX Warning: Reference `pageend' on page 12 undefined on input line 1687.

[12]

LaTeX Warning: Reference `pageend' on page 12 undefined on input line 1713.


LaTeX Warning: Reference `pageend' on page 12 undefined on input line 1713.


LaTeX Warning: Reference `pageend' on page 12 undefined on input line 1713.


LaTeX Warning: Reference `pageend' on page 12 undefined on input line 1713.

[12]

LaTeX Warning: Reference `pageend' on page 12 undefined on input line 1736.


LaTeX Warning: Reference `pageend' on page 12 undefined on input line 1736.


LaTeX Warning: Reference `pageend' on page 12 undefined on input line 1736.


LaTeX Warning: Reference `pageend' on page 12 undefined on input line 1736.

[12]

LaTeX Warning: Reference `pageend' on page 12 undefined on input line 1761.


LaTeX Warning: Reference `pageend' on page 12 undefined on input line 1761.


LaTeX Warning: Reference `pageend' on page 12 undefined on input line 1761.


LaTeX Warning: Reference `pageend' on page 12 undefined on input line 1761.

[12]

LaTeX Warning: Reference `pageend' on page 12 undefined on input line 1787.


LaTeX Warning: Reference `pageend' on page 12 undefined on input line 1787.


LaTeX Warning: Reference `pageend' on page 12 undefined on input line 1787.


LaTeX Warning: Reference `pageend' on page 12 undefined on input line 1787.

[12]

LaTeX Warning: Reference `pageend' on page 12 undefined on input line 1815.


LaTeX Warning: Reference `pageend' on page 12 undefined on input line 1815.


LaTeX Warning: Reference `pageend' on page 12 undefined on input line 1815.


LaTeX Warning: Reference `pageend' on page 12 undefined on input line 1815.

[12]

LaTeX Warning: Reference `pageend' on page 13 undefined on input line 1843.


LaTeX Warning: Reference `pageend' on page 13 undefined on input line 1843.


LaTeX Warning: Reference `pageend' on page 13 undefined on input line 1843.


LaTeX Warning: Reference `pageend' on page 13 undefined on input line 1843.

[13]

LaTeX Warning: Reference `pageend' on page 13 undefined on input line 1874.


LaTeX Warning: Reference `pageend' on page 13 undefined on input line 1874.


LaTeX Warning: Reference `pageend' on page 13 undefined on input line 1874.


LaTeX Warning: Reference `pageend' on page 13 undefined on input line 1874.

[13]

LaTeX Warning: Reference `pageend' on page 13 undefined on input line 1902.


LaTeX Warning: Reference `pageend' on page 13 undefined on input line 1902.


LaTeX Warning: Reference `pageend' on page 13 undefined on input line 1902.


LaTeX Warning: Reference `pageend' on page 13 undefined on input line 1902.

[13]

LaTeX Warning: Reference `pageend' on page 13 undefined on input line 1931.


LaTeX Warning: Reference `pageend' on page 13 undefined on input line 1931.


LaTeX Warning: Reference `pageend' on page 13 undefined on input line 1931.


LaTeX Warning: Reference `pageend' on page 13 undefined on input line 1931.

(./fig/graphfr.tex) (./fig/graphfr.tex) (./fig/graphfr.tex) (./fig/graphfr.tex)
[13]

LaTeX Warning: Reference `pageend' on page 13 undefined on input line 1963.


LaTeX Warning: Reference `pageend' on page 13 undefined on input line 1963.


LaTeX Warning: Reference `pageend' on page 13 undefined on input line 1963.


LaTeX Warning: Reference `pageend' on page 13 undefined on input line 1963.

(./fig/graphfr2.tex) (./fig/graphfr2.tex) (./fig/graphfr2.tex)
(./fig/graphfr2.tex) [13]

LaTeX Warning: Reference `pageend' on page 14 undefined on input line 1998.


LaTeX Warning: Reference `pageend' on page 14 undefined on input line 1998.


LaTeX Warning: Reference `pageend' on page 14 undefined on input line 1998.


LaTeX Warning: Reference `pageend' on page 14 undefined on input line 1998.

[14]

LaTeX Warning: Reference `pageend' on page 14 undefined on input line 2039.


LaTeX Warning: Reference `pageend' on page 14 undefined on input line 2039.


LaTeX Warning: Reference `pageend' on page 14 undefined on input line 2039.


LaTeX Warning: Reference `pageend' on page 14 undefined on input line 2039.

[14]

LaTeX Warning: Reference `pageend' on page 14 undefined on input line 2074.


LaTeX Warning: Reference `pageend' on page 14 undefined on input line 2074.


LaTeX Warning: Reference `pageend' on page 14 undefined on input line 2074.


LaTeX Warning: Reference `pageend' on page 14 undefined on input line 2074.

[14]

LaTeX Warning: Reference `pageend' on page 14 undefined on input line 2107.


LaTeX Warning: Reference `pageend' on page 14 undefined on input line 2107.


LaTeX Warning: Reference `pageend' on page 14 undefined on input line 2107.


LaTeX Warning: Reference `pageend' on page 14 undefined on input line 2107.

[14]

LaTeX Warning: Reference `pageend' on page 14 undefined on input line 2136.


LaTeX Warning: Reference `pageend' on page 14 undefined on input line 2136.


LaTeX Warning: Reference `pageend' on page 14 undefined on input line 2136.


LaTeX Warning: Reference `pageend' on page 14 undefined on input line 2136.

[14]

LaTeX Warning: Reference `pageend' on page 14 undefined on input line 2166.


LaTeX Warning: Reference `pageend' on page 14 undefined on input line 2166.


LaTeX Warning: Reference `pageend' on page 14 undefined on input line 2166.


LaTeX Warning: Reference `pageend' on page 14 undefined on input line 2166.

[14]

LaTeX Warning: Reference `pageend' on page 15 undefined on input line 2196.


LaTeX Warning: Reference `pageend' on page 15 undefined on input line 2196.


LaTeX Warning: Reference `pageend' on page 15 undefined on input line 2196.


LaTeX Warning: Reference `pageend' on page 15 undefined on input line 2196.

(./fig/shunkanhenkaritsu.tex) (./fig/shunkanhenkaritsu.tex)
(./fig/shunkanhenkaritsu.tex) (./fig/shunkanhenkaritsu.tex) [15]

LaTeX Warning: Reference `pageend' on page 15 undefined on input line 2227.


LaTeX Warning: Reference `pageend' on page 15 undefined on input line 2227.


LaTeX Warning: Reference `pageend' on page 15 undefined on input line 2227.


LaTeX Warning: Reference `pageend' on page 15 undefined on input line 2227.

(./fig/shunkanhenkaritsu.tex) (./fig/shunkanhenkaritsu.tex)
(./fig/shunkanhenkaritsu.tex) (./fig/shunkanhenkaritsu.tex) [15]

LaTeX Warning: Reference `pageend' on page 15 undefined on input line 2257.


LaTeX Warning: Reference `pageend' on page 15 undefined on input line 2257.


LaTeX Warning: Reference `pageend' on page 15 undefined on input line 2257.


LaTeX Warning: Reference `pageend' on page 15 undefined on input line 2257.

(./fig/shunkanhenkaritsu.tex) (./fig/shunkanhenkaritsu.tex)
(./fig/shunkanhenkaritsu.tex) (./fig/shunkanhenkaritsu.tex) [15]

LaTeX Warning: Reference `pageend' on page 15 undefined on input line 2290.


LaTeX Warning: Reference `pageend' on page 15 undefined on input line 2290.


LaTeX Warning: Reference `pageend' on page 15 undefined on input line 2290.


LaTeX Warning: Reference `pageend' on page 15 undefined on input line 2290.

(./fig/shunkanhenkaritsu.tex) (./fig/shunkanhenkaritsu.tex)
(./fig/shunkanhenkaritsu.tex) (./fig/shunkanhenkaritsu.tex) [15]

LaTeX Warning: Reference `pageend' on page 16 undefined on input line 2325.


LaTeX Warning: Reference `pageend' on page 16 undefined on input line 2325.


LaTeX Warning: Reference `pageend' on page 16 undefined on input line 2325.


LaTeX Warning: Reference `pageend' on page 16 undefined on input line 2325.

[16]

LaTeX Warning: Reference `pageend' on page 16 undefined on input line 2369.


LaTeX Warning: Reference `pageend' on page 16 undefined on input line 2369.


LaTeX Warning: Reference `pageend' on page 16 undefined on input line 2369.


LaTeX Warning: Reference `pageend' on page 16 undefined on input line 2369.

[16]

LaTeX Warning: Reference `pageend' on page 16 undefined on input line 2410.


LaTeX Warning: Reference `pageend' on page 16 undefined on input line 2410.


LaTeX Warning: Reference `pageend' on page 16 undefined on input line 2410.


LaTeX Warning: Reference `pageend' on page 16 undefined on input line 2410.

[16]

LaTeX Warning: Reference `pageend' on page 16 undefined on input line 2452.


LaTeX Warning: Reference `pageend' on page 16 undefined on input line 2452.


LaTeX Warning: Reference `pageend' on page 16 undefined on input line 2452.


LaTeX Warning: Reference `pageend' on page 16 undefined on input line 2452.

[16]

LaTeX Warning: Reference `pageend' on page 16 undefined on input line 2497.


LaTeX Warning: Reference `pageend' on page 16 undefined on input line 2497.


LaTeX Warning: Reference `pageend' on page 16 undefined on input line 2497.


LaTeX Warning: Reference `pageend' on page 16 undefined on input line 2497.

[16]

LaTeX Warning: Reference `pageend' on page 16 undefined on input line 2543.


LaTeX Warning: Reference `pageend' on page 16 undefined on input line 2543.


LaTeX Warning: Reference `pageend' on page 16 undefined on input line 2543.


LaTeX Warning: Reference `pageend' on page 16 undefined on input line 2543.

[16]

LaTeX Warning: Reference `pageend' on page 17 undefined on input line 2584.


LaTeX Warning: Reference `pageend' on page 17 undefined on input line 2584.


LaTeX Warning: Reference `pageend' on page 17 undefined on input line 2584.


LaTeX Warning: Reference `pageend' on page 17 undefined on input line 2584.

[17]

LaTeX Warning: Reference `pageend' on page 17 undefined on input line 2611.


LaTeX Warning: Reference `pageend' on page 17 undefined on input line 2611.


LaTeX Warning: Reference `pageend' on page 17 undefined on input line 2611.


LaTeX Warning: Reference `pageend' on page 17 undefined on input line 2611.

[17]

LaTeX Warning: Reference `pageend' on page 17 undefined on input line 2636.


LaTeX Warning: Reference `pageend' on page 17 undefined on input line 2636.


LaTeX Warning: Reference `pageend' on page 17 undefined on input line 2636.


LaTeX Warning: Reference `pageend' on page 17 undefined on input line 2636.

[17]

LaTeX Warning: Reference `pageend' on page 18 undefined on input line 2663.


LaTeX Warning: Reference `pageend' on page 18 undefined on input line 2663.


LaTeX Warning: Reference `pageend' on page 18 undefined on input line 2663.


LaTeX Warning: Reference `pageend' on page 18 undefined on input line 2663.

[18]

LaTeX Warning: Reference `pageend' on page 18 undefined on input line 2689.


LaTeX Warning: Reference `pageend' on page 18 undefined on input line 2689.


LaTeX Warning: Reference `pageend' on page 18 undefined on input line 2689.


LaTeX Warning: Reference `pageend' on page 18 undefined on input line 2689.

[18]

LaTeX Warning: Reference `pageend' on page 18 undefined on input line 2713.


LaTeX Warning: Reference `pageend' on page 18 undefined on input line 2713.


LaTeX Warning: Reference `pageend' on page 18 undefined on input line 2713.


LaTeX Warning: Reference `pageend' on page 18 undefined on input line 2713.

[18]

LaTeX Warning: Reference `pageend' on page 18 undefined on input line 2738.


LaTeX Warning: Reference `pageend' on page 18 undefined on input line 2738.


LaTeX Warning: Reference `pageend' on page 18 undefined on input line 2738.


LaTeX Warning: Reference `pageend' on page 18 undefined on input line 2738.

[18]

LaTeX Warning: Reference `pageend' on page 19 undefined on input line 2751.


LaTeX Warning: Reference `pageend' on page 19 undefined on input line 2751.


LaTeX Warning: Reference `pageend' on page 19 undefined on input line 2751.


LaTeX Warning: Reference `pageend' on page 19 undefined on input line 2751.

[19] (./fig/doukansu/p001.tex
LaTeX Font Info:    Font shape `JY2/gt/m/n' will be
(Font)              scaled to size 5.77332pt on input line 49.
) (./fig/doukansu/p001.tex)
(./fig/doukansu/p001.tex) (./fig/doukansu/p001.tex)

LaTeX Warning: Reference `pageend' on page 20 undefined on input line 2774.


LaTeX Warning: Reference `pageend' on page 20 undefined on input line 2774.


LaTeX Warning: Reference `pageend' on page 20 undefined on input line 2774.


LaTeX Warning: Reference `pageend' on page 20 undefined on input line 2774.

[20] (./fig/doukansu/p002.tex) (./fig/doukansu/p002.tex)
(./fig/doukansu/p002.tex) (./fig/doukansu/p002.tex)

LaTeX Warning: Reference `pageend' on page 20 undefined on input line 2804.


LaTeX Warning: Reference `pageend' on page 20 undefined on input line 2804.


LaTeX Warning: Reference `pageend' on page 20 undefined on input line 2804.


LaTeX Warning: Reference `pageend' on page 20 undefined on input line 2804.

[20] (./fig/doukansu/p003.tex) (./fig/doukansu/p003.tex)
(./fig/doukansu/p003.tex) (./fig/doukansu/p003.tex)

LaTeX Warning: Reference `pageend' on page 20 undefined on input line 2830.


LaTeX Warning: Reference `pageend' on page 20 undefined on input line 2830.


LaTeX Warning: Reference `pageend' on page 20 undefined on input line 2830.


LaTeX Warning: Reference `pageend' on page 20 undefined on input line 2830.

[20] (./fig/doukansu/p004.tex) (./fig/doukansu/p004.tex)
(./fig/doukansu/p004.tex) (./fig/doukansu/p004.tex)

LaTeX Warning: Reference `pageend' on page 20 undefined on input line 2856.


LaTeX Warning: Reference `pageend' on page 20 undefined on input line 2856.


LaTeX Warning: Reference `pageend' on page 20 undefined on input line 2856.


LaTeX Warning: Reference `pageend' on page 20 undefined on input line 2856.

[20] (./fig/doukansu/p005.tex) (./fig/doukansu/p005.tex)
(./fig/doukansu/p005.tex) (./fig/doukansu/p005.tex)

LaTeX Warning: Reference `pageend' on page 20 undefined on input line 2882.


LaTeX Warning: Reference `pageend' on page 20 undefined on input line 2882.


LaTeX Warning: Reference `pageend' on page 20 undefined on input line 2882.


LaTeX Warning: Reference `pageend' on page 20 undefined on input line 2882.

[20] (./fig/doukansu/p006.tex) (./fig/doukansu/p006.tex)
(./fig/doukansu/p006.tex) (./fig/doukansu/p006.tex)

LaTeX Warning: Reference `pageend' on page 20 undefined on input line 2908.


LaTeX Warning: Reference `pageend' on page 20 undefined on input line 2908.


LaTeX Warning: Reference `pageend' on page 20 undefined on input line 2908.


LaTeX Warning: Reference `pageend' on page 20 undefined on input line 2908.

[20] (./fig/doukansu/p007.tex) (./fig/doukansu/p007.tex)
(./fig/doukansu/p007.tex) (./fig/doukansu/p007.tex)

LaTeX Warning: Reference `pageend' on page 20 undefined on input line 2934.


LaTeX Warning: Reference `pageend' on page 20 undefined on input line 2934.


LaTeX Warning: Reference `pageend' on page 20 undefined on input line 2934.


LaTeX Warning: Reference `pageend' on page 20 undefined on input line 2934.

[20] (./fig/doukansu/p008.tex) (./fig/doukansu/p008.tex)
(./fig/doukansu/p008.tex) (./fig/doukansu/p008.tex)

LaTeX Warning: Reference `pageend' on page 20 undefined on input line 2960.


LaTeX Warning: Reference `pageend' on page 20 undefined on input line 2960.


LaTeX Warning: Reference `pageend' on page 20 undefined on input line 2960.


LaTeX Warning: Reference `pageend' on page 20 undefined on input line 2960.

[20] (./fig/doukansu/p009.tex) (./fig/doukansu/p009.tex)
(./fig/doukansu/p009.tex) (./fig/doukansu/p009.tex)

LaTeX Warning: Reference `pageend' on page 20 undefined on input line 2986.


LaTeX Warning: Reference `pageend' on page 20 undefined on input line 2986.


LaTeX Warning: Reference `pageend' on page 20 undefined on input line 2986.


LaTeX Warning: Reference `pageend' on page 20 undefined on input line 2986.

[20] (./fig/doukansu/p010.tex) (./fig/doukansu/p010.tex)
(./fig/doukansu/p010.tex) (./fig/doukansu/p010.tex)

LaTeX Warning: Reference `pageend' on page 20 undefined on input line 3012.


LaTeX Warning: Reference `pageend' on page 20 undefined on input line 3012.


LaTeX Warning: Reference `pageend' on page 20 undefined on input line 3012.


LaTeX Warning: Reference `pageend' on page 20 undefined on input line 3012.

[20] (./fig/doukansu/p011.tex) (./fig/doukansu/p011.tex)
(./fig/doukansu/p011.tex) (./fig/doukansu/p011.tex)

LaTeX Warning: Reference `pageend' on page 20 undefined on input line 3038.


LaTeX Warning: Reference `pageend' on page 20 undefined on input line 3038.


LaTeX Warning: Reference `pageend' on page 20 undefined on input line 3038.


LaTeX Warning: Reference `pageend' on page 20 undefined on input line 3038.

[20] (./fig/doukansu/p012.tex) (./fig/doukansu/p012.tex)
(./fig/doukansu/p012.tex) (./fig/doukansu/p012.tex)

LaTeX Warning: Reference `pageend' on page 20 undefined on input line 3064.


LaTeX Warning: Reference `pageend' on page 20 undefined on input line 3064.


LaTeX Warning: Reference `pageend' on page 20 undefined on input line 3064.


LaTeX Warning: Reference `pageend' on page 20 undefined on input line 3064.

[20] (./fig/doukansu/p013.tex) (./fig/doukansu/p013.tex)
(./fig/doukansu/p013.tex) (./fig/doukansu/p013.tex)

LaTeX Warning: Reference `pageend' on page 20 undefined on input line 3090.


LaTeX Warning: Reference `pageend' on page 20 undefined on input line 3090.


LaTeX Warning: Reference `pageend' on page 20 undefined on input line 3090.


LaTeX Warning: Reference `pageend' on page 20 undefined on input line 3090.

[20] (./fig/doukansu/p014.tex) (./fig/doukansu/p014.tex)
(./fig/doukansu/p014.tex) (./fig/doukansu/p014.tex)

LaTeX Warning: Reference `pageend' on page 20 undefined on input line 3116.


LaTeX Warning: Reference `pageend' on page 20 undefined on input line 3116.


LaTeX Warning: Reference `pageend' on page 20 undefined on input line 3116.


LaTeX Warning: Reference `pageend' on page 20 undefined on input line 3116.

[20] (./fig/doukansu/p015.tex) (./fig/doukansu/p015.tex)
(./fig/doukansu/p015.tex) (./fig/doukansu/p015.tex)

LaTeX Warning: Reference `pageend' on page 20 undefined on input line 3142.


LaTeX Warning: Reference `pageend' on page 20 undefined on input line 3142.


LaTeX Warning: Reference `pageend' on page 20 undefined on input line 3142.


LaTeX Warning: Reference `pageend' on page 20 undefined on input line 3142.

[20] (./fig/doukansu/p016.tex) (./fig/doukansu/p016.tex)
(./fig/doukansu/p016.tex) (./fig/doukansu/p016.tex)

LaTeX Warning: Reference `pageend' on page 20 undefined on input line 3168.


LaTeX Warning: Reference `pageend' on page 20 undefined on input line 3168.


LaTeX Warning: Reference `pageend' on page 20 undefined on input line 3168.


LaTeX Warning: Reference `pageend' on page 20 undefined on input line 3168.

[20] (./fig/doukansu/p017.tex) (./fig/doukansu/p017.tex)
(./fig/doukansu/p017.tex) (./fig/doukansu/p017.tex)

LaTeX Warning: Reference `pageend' on page 20 undefined on input line 3194.


LaTeX Warning: Reference `pageend' on page 20 undefined on input line 3194.


LaTeX Warning: Reference `pageend' on page 20 undefined on input line 3194.


LaTeX Warning: Reference `pageend' on page 20 undefined on input line 3194.

[20]

LaTeX Warning: Reference `pageend' on page 21 undefined on input line 3219.


LaTeX Warning: Reference `pageend' on page 21 undefined on input line 3219.


LaTeX Warning: Reference `pageend' on page 21 undefined on input line 3219.


LaTeX Warning: Reference `pageend' on page 21 undefined on input line 3219.

(./fig/doukansu/p017.tex) (./fig/doukansu/p017.tex) (./fig/doukansu/p017.tex)
(./fig/doukansu/p017.tex) [21]

LaTeX Warning: Reference `pageend' on page 21 undefined on input line 3253.


LaTeX Warning: Reference `pageend' on page 21 undefined on input line 3253.


LaTeX Warning: Reference `pageend' on page 21 undefined on input line 3253.


LaTeX Warning: Reference `pageend' on page 21 undefined on input line 3253.

(./fig/doukansu/p017.tex) (./fig/doukansu/p017.tex) (./fig/doukansu/p017.tex)
(./fig/doukansu/p017.tex) [21]

LaTeX Warning: Reference `pageend' on page 21 undefined on input line 3286.


LaTeX Warning: Reference `pageend' on page 21 undefined on input line 3286.


LaTeX Warning: Reference `pageend' on page 21 undefined on input line 3286.


LaTeX Warning: Reference `pageend' on page 21 undefined on input line 3286.

(./fig/doukansu/p017.tex) (./fig/doukansu/p017.tex) (./fig/doukansu/p017.tex)
(./fig/doukansu/p017.tex) [21]

LaTeX Warning: Reference `pageend' on page 22 undefined on input line 3321.


LaTeX Warning: Reference `pageend' on page 22 undefined on input line 3321.


LaTeX Warning: Reference `pageend' on page 22 undefined on input line 3321.


LaTeX Warning: Reference `pageend' on page 22 undefined on input line 3321.

[22]

LaTeX Warning: Reference `pageend' on page 22 undefined on input line 3354.


LaTeX Warning: Reference `pageend' on page 22 undefined on input line 3354.


LaTeX Warning: Reference `pageend' on page 22 undefined on input line 3354.


LaTeX Warning: Reference `pageend' on page 22 undefined on input line 3354.

[22]

LaTeX Warning: Reference `pageend' on page 22 undefined on input line 3381.


LaTeX Warning: Reference `pageend' on page 22 undefined on input line 3381.


LaTeX Warning: Reference `pageend' on page 22 undefined on input line 3381.


LaTeX Warning: Reference `pageend' on page 22 undefined on input line 3381.

[22]

LaTeX Warning: Reference `pageend' on page 23 undefined on input line 3394.


LaTeX Warning: Reference `pageend' on page 23 undefined on input line 3394.


LaTeX Warning: Reference `pageend' on page 23 undefined on input line 3394.


LaTeX Warning: Reference `pageend' on page 23 undefined on input line 3394.

[23] (./presen23108.aux)

LaTeX Warning: There were undefined references.


LaTeX Warning: Label(s) may have changed. Rerun to get cross-references right.

Package rerunfilecheck Info: File `presen23108.out' has not changed.
(rerunfilecheck)             Checksum: D41D8CD98F00B204E9800998ECF8427E;0.
 ) 
Here is how much of TeX's memory you used:
 12060 strings out of 480222
 182552 string characters out of 5892594
 612191 words of memory out of 5000000
 29783 multiletter control sequences out of 15000+600000
 483891 words of font info for 96 fonts, out of 8000000 for 9000
 14 hyphenation exceptions out of 8191
 91i,12n,93p,375b,399s stack positions out of 5000i,500n,10000p,200000b,80000s

Output written on presen23108.dvi (116 pages, 2242864 bytes).
